<?xml version="1.0" encoding="UTF-8"?>
<!-- Generated by org.testng.reporters.JUnitReportReporter -->
<testsuite skipped="0" hostname="asda0070" name="com.qait.automaton.Tatoc_Maven.TAtocMAven" tests="1" failures="0" timestamp="25 Jun 2018 11:37:00 GMT" time="1.838" errors="0">
  <testcase name="launchUrl" time="1.838" classname="com.qait.automaton.Tatoc_Maven.TAtocMAven"/>
</testsuite> <!-- com.qait.automaton.Tatoc_Maven.TAtocMAven -->
